Arguments: 
  /opt/homebrew/Cellar/node/18.11.0/bin/node /opt/homebrew/Cellar/yarn/1.22.19/libexec/bin/yarn.js autoclean --force

PATH: 
  /Users/davidstern/.rvm/gems/ruby-3.1.2/bin:/Users/davidstern/.rvm/gems/ruby-3.1.2@global/bin:/Users/davidstern/.rvm/rubies/ruby-3.1.2/bin:/Users/davidstern/.rvm/bin:/opt/homebrew/opt/libpq/bin:/opt/homebrew/opt/openssl@3/bin:/opt/homebrew/opt/openssl@3/bin:/opt/homebrew/opt/ruby/bin:/opt/homebrew/bin:/opt/homebrew/sbin:/Library/Frameworks/Python.framework/Versions/3.10/bin:/usr/local/bin:/System/Cryptexes/App/usr/bin:/usr/bin:/bin:/usr/sbin:/sbin

Yarn version: 
  1.22.19

Node version: 
  18.11.0

Platform: 
  darwin arm64

Trace: 
  SyntaxError: /Users/davidstern/Documents/garage/package.json: Unexpected string in JSON at position 236
      at JSON.parse (<anonymous>)
      at /opt/homebrew/Cellar/yarn/1.22.19/libexec/lib/cli.js:1629:59
      at Generator.next (<anonymous>)
      at step (/opt/homebrew/Cellar/yarn/1.22.19/libexec/lib/cli.js:310:30)
      at /opt/homebrew/Cellar/yarn/1.22.19/libexec/lib/cli.js:321:13

npm manifest: 
  {
    "name": "garage",
    "version": "1.0.0",
    "description": "technical visits",
    "main": "index.js",
    "repository": "git@github.com:Bizten/garage.git",
    "author": "David <davn.st@gmail.com>",
    "license": "MIT",
    "private": true
    "dependencies": {
      "@hotwired/stimulus": "^3.0.1"
    },
    "scripts": {
      "build": "esbuild app/javascript/*.* --bundle --sourcemap 
  --outdir=app/assets/builds",
      "build:css": "tailwindcss -i 
  ./app/assets/stylesheets/application.tailwind.css -o 
  ./app/assets/builds/application.css"
    }
  }

yarn manifest: 
  No manifest

Lockfile: 
  # THIS IS AN AUTOGENERATED FILE. DO NOT EDIT THIS FILE DIRECTLY.
  # yarn lockfile v1
