2022/10/20 20:32:26 [emerg] 178563#0: bind() to 0.0.0.0:3000 failed (98: Address already in use)
2022/10/20 20:32:26 [emerg] 178563#0: bind() to 0.0.0.0:3000 failed (98: Address already in use)
2022/10/20 20:32:26 [emerg] 178563#0: bind() to 0.0.0.0:3000 failed (98: Address already in use)
2022/10/20 20:32:26 [emerg] 178563#0: bind() to 0.0.0.0:3000 failed (98: Address already in use)
2022/10/20 20:32:26 [emerg] 178563#0: bind() to 0.0.0.0:3000 failed (98: Address already in use)
2022/10/20 20:32:26 [emerg] 178563#0: still could not bind()
2022/10/20 20:35:49 [emerg] 178686#0: bind() to 0.0.0.0:3000 failed (98: Address already in use)
2022/10/20 20:35:49 [emerg] 178686#0: bind() to 0.0.0.0:3000 failed (98: Address already in use)
2022/10/20 20:35:49 [emerg] 178686#0: bind() to 0.0.0.0:3000 failed (98: Address already in use)
2022/10/20 20:35:49 [emerg] 178686#0: bind() to 0.0.0.0:3000 failed (98: Address already in use)
2022/10/20 20:35:49 [emerg] 178686#0: bind() to 0.0.0.0:3000 failed (98: Address already in use)
2022/10/20 20:35:49 [emerg] 178686#0: still could not bind()
[ N 2022-10-20 20:36:24.9700 178880/T1 age/Wat/WatchdogMain.cpp:1377 ]: Starting Passenger watchdog...
[ N 2022-10-20 20:36:24.9897 178883/T1 age/Cor/CoreMain.cpp:1340 ]: Starting Passenger core...
[ N 2022-10-20 20:36:24.9898 178883/T1 age/Cor/CoreMain.cpp:256 ]: Passenger core running in multi-application mode.
[ N 2022-10-20 20:36:24.9956 178883/T1 age/Cor/CoreMain.cpp:1015 ]: Passenger core online, PID 178883
[ N 2022-10-20 20:36:27.0847 178883/Tb age/Cor/SecurityUpdateChecker.h:519 ]: Security update check: no update found (next check in 24 hours)

[ N 2022-10-20 20:36:43.3086 178883/T5 age/Cor/CoreMain.cpp:670 ]: Signal received. Gracefully shutting down... (send signal 2 more time(s) to force shutdown)
[ N 2022-10-20 20:36:43.3086 178883/T1 age/Cor/CoreMain.cpp:1245 ]: Received command to shutdown gracefully. Waiting until all clients have disconnected...
[ N 2022-10-20 20:36:43.3087 178883/T1 age/Cor/CoreMain.cpp:1146 ]: Checking whether to disconnect long-running connections for process 178948, application /var/www/garage (production)
[ N 2022-10-20 20:36:43.3089 178883/T8 Ser/Server.h:901 ]: [ApiServer] Freed 0 spare client objects
[ N 2022-10-20 20:36:43.3089 178883/T8 Ser/Server.h:558 ]: [ApiServer] Shutdown finished
[ N 2022-10-20 20:36:43.3089 178883/T5 Ser/Server.h:901 ]: [ServerThr.1] Freed 0 spare client objects
[ N 2022-10-20 20:36:43.3090 178883/T5 Ser/Server.h:558 ]: [ServerThr.1] Shutdown finished
[ N 2022-10-20 20:36:43.3091 178883/T1 age/Cor/CoreMain.cpp:1146 ]: Checking whether to disconnect long-running connections for process 178948, application /var/www/garage (production)
[ N 2022-10-20 20:36:43.5756 178883/T1 age/Cor/CoreMain.cpp:1325 ]: Passenger core shutdown finished
[ N 2022-10-20 20:38:17.7885 179008/T1 age/Wat/WatchdogMain.cpp:1377 ]: Starting Passenger watchdog...
[ N 2022-10-20 20:38:17.8064 179011/T1 age/Cor/CoreMain.cpp:1340 ]: Starting Passenger core...
[ N 2022-10-20 20:38:17.8065 179011/T1 age/Cor/CoreMain.cpp:256 ]: Passenger core running in multi-application mode.
[ N 2022-10-20 20:38:17.8113 179011/T1 age/Cor/CoreMain.cpp:1015 ]: Passenger core online, PID 179011
[ N 2022-10-20 20:38:19.8970 179011/T7 age/Cor/SecurityUpdateChecker.h:519 ]: Security update check: no update found (next check in 24 hours)

[ N 2022-10-20 20:38:27.6321 179011/T9 age/Cor/CoreMain.cpp:670 ]: Signal received. Gracefully shutting down... (send signal 2 more time(s) to force shutdown)
[ N 2022-10-20 20:38:27.6321 179011/T1 age/Cor/CoreMain.cpp:1245 ]: Received command to shutdown gracefully. Waiting until all clients have disconnected...
[ N 2022-10-20 20:38:27.6321 179011/T1 age/Cor/CoreMain.cpp:1146 ]: Checking whether to disconnect long-running connections for process 179075, application /var/www/garage (production)
[ N 2022-10-20 20:38:27.6321 179011/T1 age/Cor/CoreMain.cpp:1146 ]: Checking whether to disconnect long-running connections for process 179094, application /var/www/garage (production)
[ N 2022-10-20 20:38:27.6322 179011/Tb Ser/Server.h:901 ]: [ApiServer] Freed 0 spare client objects
[ N 2022-10-20 20:38:27.6322 179011/Tb Ser/Server.h:558 ]: [ApiServer] Shutdown finished
[ N 2022-10-20 20:38:27.6322 179011/T9 Ser/Server.h:901 ]: [ServerThr.1] Freed 0 spare client objects
[ N 2022-10-20 20:38:27.6323 179011/T9 Ser/Server.h:558 ]: [ServerThr.1] Shutdown finished
[ N 2022-10-20 20:38:27.6324 179011/T1 age/Cor/CoreMain.cpp:1146 ]: Checking whether to disconnect long-running connections for process 179075, application /var/www/garage (production)
[ N 2022-10-20 20:38:27.6324 179011/T1 age/Cor/CoreMain.cpp:1146 ]: Checking whether to disconnect long-running connections for process 179094, application /var/www/garage (production)
[ N 2022-10-20 20:38:27.8964 179011/T1 age/Cor/CoreMain.cpp:1325 ]: Passenger core shutdown finished
[ N 2022-10-21 02:42:48.2958 32968/T1 age/Wat/WatchdogMain.cpp:1377 ]: Starting Passenger watchdog...
[ N 2022-10-21 02:42:48.3117 32970/T1 age/Cor/CoreMain.cpp:1340 ]: Starting Passenger core...
[ N 2022-10-21 02:42:48.3121 32970/T1 age/Cor/CoreMain.cpp:256 ]: Passenger core running in multi-application mode.
[ N 2022-10-21 02:42:48.3235 32970/T1 age/Cor/CoreMain.cpp:1015 ]: Passenger core online, PID 32970
[ N 2022-10-21 02:42:50.4995 32970/T5 age/Cor/SecurityUpdateChecker.h:519 ]: Security update check: no update found (next check in 24 hours)

[ N 2022-10-21 02:46:16.0024 32970/T8 age/Cor/CoreMain.cpp:671 ]: Signal received. Gracefully shutting down... (send signal 2 more time(s) to force shutdown)
[ N 2022-10-21 02:46:16.0025 32970/T1 age/Cor/CoreMain.cpp:1246 ]: Received command to shutdown gracefully. Waiting until all clients have disconnected...
[ N 2022-10-21 02:46:16.0025 32970/T1 age/Cor/CoreMain.cpp:1147 ]: Checking whether to disconnect long-running connections for process 33039, application /Users/davidstern/Documents/garage (production)
[ N 2022-10-21 02:46:16.0026 32970/T8 Ser/Server.h:901 ]: [ServerThr.1] Freed 0 spare client objects
[ N 2022-10-21 02:46:16.0027 32970/Tk Ser/Server.h:901 ]: [ServerThr.7] Freed 0 spare client objects
[ N 2022-10-21 02:46:16.0026 32970/Ta Ser/Server.h:901 ]: [ServerThr.2] Freed 0 spare client objects
[ N 2022-10-21 02:46:16.0027 32970/Ti Ser/Server.h:901 ]: [ServerThr.6] Freed 0 spare client objects
[ N 2022-10-21 02:46:16.0027 32970/Tk Ser/Server.h:558 ]: [ServerThr.7] Shutdown finished
[ N 2022-10-21 02:46:16.0028 32970/Ti Ser/Server.h:558 ]: [ServerThr.6] Shutdown finished
[ N 2022-10-21 02:46:16.0027 32970/T8 Ser/Server.h:558 ]: [ServerThr.1] Shutdown finished
[ N 2022-10-21 02:46:16.0029 32970/To Ser/Server.h:901 ]: [ApiServer] Freed 0 spare client objects
[ N 2022-10-21 02:46:16.0027 32970/Th Ser/Server.h:901 ]: [ServerThr.5] Freed 0 spare client objects
[ N 2022-10-21 02:46:16.0028 32970/Ta Ser/Server.h:558 ]: [ServerThr.2] Shutdown finished
[ N 2022-10-21 02:46:16.0029 32970/To Ser/Server.h:558 ]: [ApiServer] Shutdown finished
[ N 2022-10-21 02:46:16.0028 32970/Te Ser/Server.h:901 ]: [ServerThr.4] Freed 0 spare client objects
[ N 2022-10-21 02:46:16.0029 32970/Th Ser/Server.h:558 ]: [ServerThr.5] Shutdown finished
[ N 2022-10-21 02:46:16.0027 32970/Tc Ser/Server.h:901 ]: [ServerThr.3] Freed 0 spare client objects
[ N 2022-10-21 02:46:16.0027 32970/Tm Ser/Server.h:901 ]: [ServerThr.8] Freed 0 spare client objects
[ N 2022-10-21 02:46:16.0030 32970/Te Ser/Server.h:558 ]: [ServerThr.4] Shutdown finished
[ N 2022-10-21 02:46:16.0030 32970/Tm Ser/Server.h:558 ]: [ServerThr.8] Shutdown finished
[ N 2022-10-21 02:46:16.0030 32970/Tc Ser/Server.h:558 ]: [ServerThr.3] Shutdown finished
[ N 2022-10-21 02:46:16.0035 32970/T1 age/Cor/CoreMain.cpp:1147 ]: Checking whether to disconnect long-running connections for process 33039, application /Users/davidstern/Documents/garage (production)
[ N 2022-10-21 02:46:16.3435 32970/T1 age/Cor/CoreMain.cpp:1325 ]: Passenger core shutdown finished
[ N 2022-10-21 02:47:49.7582 33185/T1 age/Wat/WatchdogMain.cpp:1377 ]: Starting Passenger watchdog...
[ N 2022-10-21 02:47:49.7718 33187/T1 age/Cor/CoreMain.cpp:1340 ]: Starting Passenger core...
[ N 2022-10-21 02:47:49.7720 33187/T1 age/Cor/CoreMain.cpp:256 ]: Passenger core running in multi-application mode.
[ N 2022-10-21 02:47:49.7788 33187/T1 age/Cor/CoreMain.cpp:1015 ]: Passenger core online, PID 33187
[ N 2022-10-21 02:47:51.9339 33187/T5 age/Cor/SecurityUpdateChecker.h:519 ]: Security update check: no update found (next check in 24 hours)
App 33215 output: DEBUGGER: Attaching after process 33215 fork to child process 33247

[ N 2022-10-21 02:48:24.2043 33187/T8 age/Cor/CoreMain.cpp:671 ]: Signal received. Gracefully shutting down... (send signal 2 more time(s) to force shutdown)
[ N 2022-10-21 02:48:24.2044 33187/T1 age/Cor/CoreMain.cpp:1246 ]: Received command to shutdown gracefully. Waiting until all clients have disconnected...
[ N 2022-10-21 02:48:24.2044 33187/T1 age/Cor/CoreMain.cpp:1147 ]: Checking whether to disconnect long-running connections for process 33247, application /Users/davidstern/Documents/garage (development)
[ N 2022-10-21 02:48:24.2046 33187/Tc Ser/Server.h:901 ]: [ServerThr.3] Freed 0 spare client objects
[ N 2022-10-21 02:48:24.2046 33187/Tc Ser/Server.h:558 ]: [ServerThr.3] Shutdown finished
[ N 2022-10-21 02:48:24.2046 33187/Tg Ser/Server.h:901 ]: [ServerThr.5] Freed 0 spare client objects
[ N 2022-10-21 02:48:24.2047 33187/Tm Ser/Server.h:901 ]: [ServerThr.8] Freed 0 spare client objects
[ N 2022-10-21 02:48:24.2047 33187/T8 Ser/Server.h:901 ]: [ServerThr.1] Freed 0 spare client objects
[ N 2022-10-21 02:48:24.2047 33187/Tm Ser/Server.h:558 ]: [ServerThr.8] Shutdown finished
[ N 2022-10-21 02:48:24.2047 33187/Tg Ser/Server.h:558 ]: [ServerThr.5] Shutdown finished
[ N 2022-10-21 02:48:24.2048 33187/Ti Ser/Server.h:901 ]: [ServerThr.6] Freed 0 spare client objects
[ N 2022-10-21 02:48:24.2047 33187/Te Ser/Server.h:901 ]: [ServerThr.4] Freed 0 spare client objects
[ N 2022-10-21 02:48:24.2047 33187/Ta Ser/Server.h:901 ]: [ServerThr.2] Freed 0 spare client objects
[ N 2022-10-21 02:48:24.2046 33187/Tl Ser/Server.h:901 ]: [ServerThr.7] Freed 0 spare client objects
[ N 2022-10-21 02:48:24.2049 33187/Ti Ser/Server.h:558 ]: [ServerThr.6] Shutdown finished
[ N 2022-10-21 02:48:24.2049 33187/T8 Ser/Server.h:558 ]: [ServerThr.1] Shutdown finished
[ N 2022-10-21 02:48:24.2049 33187/Te Ser/Server.h:558 ]: [ServerThr.4] Shutdown finished
[ N 2022-10-21 02:48:24.2049 33187/Tl Ser/Server.h:558 ]: [ServerThr.7] Shutdown finished
[ N 2022-10-21 02:48:24.2049 33187/To Ser/Server.h:901 ]: [ApiServer] Freed 0 spare client objects
[ N 2022-10-21 02:48:24.2050 33187/Ta Ser/Server.h:558 ]: [ServerThr.2] Shutdown finished
[ N 2022-10-21 02:48:24.2051 33187/To Ser/Server.h:558 ]: [ApiServer] Shutdown finished
[ N 2022-10-21 02:48:24.2053 33187/T1 age/Cor/CoreMain.cpp:1147 ]: Checking whether to disconnect long-running connections for process 33247, application /Users/davidstern/Documents/garage (development)
[ N 2022-10-21 02:48:24.6421 33187/T1 age/Cor/CoreMain.cpp:1325 ]: Passenger core shutdown finished
